# JRE version: Java(TM) SE Runtime Environment (8.0_111-b14) (build 1.8.0_111-b14)
# Java VM: Java HotSpot(TM) 64-Bit Server VM (25.111-b14 mixed mode linux-amd64 compressed oops)
Heap:
 garbage-first heap   total 545792K, used 360029K [0x00000000c0000000, 0x00000000c01010a8, 0x0000000100000000)
  region size 1024K, 66 young (67584K), 16 survivors (16384K)
 Metaspace       used 162727K, capacity 176008K, committed 176536K, reserved 1202176K
  class space    used 20723K, capacity 24644K, committed 24780K, reserved 1048576K
GC Heap History (10 events):
Event: 552.600 GC heap before
{Heap before GC invocations=57 (full 0):
 garbage-first heap   total 545792K, used 478036K [0x00000000c0000000, 0x00000000c01010a8, 0x0000000100000000)
  region size 1024K, 206 young (210944K), 9 survivors (9216K)
 Metaspace       used 159377K, capacity 172626K, committed 172824K, reserved 1198080K
  class space    used 20417K, capacity 24361K, committed 24396K, reserved 1048576K
Event: 552.640 GC heap after
Heap after GC invocations=58 (full 0):
 garbage-first heap   total 545792K, used 274380K [0x00000000c0000000, 0x00000000c01010a8, 0x0000000100000000)
  region size 1024K, 7 young (7168K), 7 survivors (7168K)
 Metaspace       used 159377K, capacity 172626K, committed 172824K, reserved 1198080K
  class space    used 20417K, capacity 24361K, committed 24396K, reserved 1048576K
}
Event: 615.899 GC heap before
{Heap before GC invocations=59 (full 0):
 garbage-first heap   total 545792K, used 480768K [0x00000000c0000000, 0x00000000c01010a8, 0x0000000100000000)
  region size 1024K, 209 young (214016K), 7 survivors (7168K)
 Metaspace       used 159499K, capacity 172856K, committed 173080K, reserved 1198080K
  class space    used 20421K, capacity 24394K, committed 24396K, reserved 1048576K
Event: 615.926 GC heap after
Heap after GC invocations=60 (full 0):
 garbage-first heap   total 545792K, used 274432K [0x00000000c0000000, 0x00000000c01010a8, 0x0000000100000000)
  region size 1024K, 8 young (8192K), 8 survivors (8192K)
 Metaspace       used 159499K, capacity 172856K, committed 173080K, reserved 1198080K
  class space    used 20421K, capacity 24394K, committed 24396K, reserved 1048576K
}
Event: 618.393 GC heap before
{Heap before GC invocations=60 (full 0):
 garbage-first heap   total 545792K, used 292864K [0x00000000c0000000, 0x00000000c01010a8, 0x0000000100000000)
  region size 1024K, 26 young (26624K), 8 survivors (8192K)
 Metaspace       used 159693K, capacity 173016K, committed 173208K, reserved 1198080K
  class space    used 20438K, capacity 24426K, committed 24524K, reserved 1048576K
Event: 618.497 GC heap after
Heap after GC invocations=61 (full 0):
 garbage-first heap   total 545792K, used 264273K [0x00000000c0000000, 0x00000000c01010a8, 0x0000000100000000)
  region size 1024K, 4 young (4096K), 4 survivors (4096K)
 Metaspace       used 159693K, capacity 173016K, committed 173208K, reserved 1198080K
  class space    used 20438K, capacity 24426K, committed 24524K, reserved 1048576K
}
Event: 647.978 GC heap before
{Heap before GC invocations=61 (full 0):
 garbage-first heap   total 545792K, used 481361K [0x00000000c0000000, 0x00000000c01010a8, 0x0000000100000000)
  region size 1024K, 216 young (221184K), 4 survivors (4096K)
 Metaspace       used 161446K, capacity 174590K, committed 174872K, reserved 1200128K
  class space    used 20628K, capacity 24587K, committed 24652K, reserved 1048576K
Event: 648.039 GC heap after
Heap after GC invocations=62 (full 0):
 garbage-first heap   total 545792K, used 273075K [0x00000000c0000000, 0x00000000c01010a8, 0x0000000100000000)
  region size 1024K, 13 young (13312K), 13 survivors (13312K)
 Metaspace       used 161446K, capacity 174590K, committed 174872K, reserved 1200128K
  class space    used 20628K, capacity 24587K, committed 24652K, reserved 1048576K
}
Event: 864.622 GC heap before
{Heap before GC invocations=62 (full 0):
 garbage-first heap   total 545792K, used 475827K [0x00000000c0000000, 0x00000000c01010a8, 0x0000000100000000)
  region size 1024K, 211 young (216064K), 13 survivors (13312K)
 Metaspace       used 162049K, capacity 175288K, committed 175640K, reserved 1200128K
  class space    used 20649K, capacity 24625K, committed 24652K, reserved 1048576K
Event: 864.687 GC heap after
Heap after GC invocations=63 (full 0):
 garbage-first heap   total 545792K, used 276561K [0x00000000c0000000, 0x00000000c01010a8, 0x0000000100000000)
  region size 1024K, 16 young (16384K), 16 survivors (16384K)
 Metaspace       used 162049K, capacity 175288K, committed 175640K, reserved 1200128K
  class space    used 20649K, capacity 24625K, committed 24652K, reserved 1048576K
}

